0 info it worked if it ends with ok
1 verbose cli [ '/home/eric/.nvm/v5.4.1/bin/node',
1 verbose cli   '/home/eric/.nvm/v5.4.1/bin/npm',
1 verbose cli   'start' ]
2 info using npm@3.5.3
3 info using node@v5.4.1
4 verbose run-script [ 'prestart', 'start', 'poststart' ]
5 info lifecycle spike_proto@0.0.0~prestart: spike_proto@0.0.0
6 silly lifecycle spike_proto@0.0.0~prestart: no script for prestart, continuing
7 info lifecycle spike_proto@0.0.0~start: spike_proto@0.0.0
8 verbose lifecycle spike_proto@0.0.0~start: unsafe-perm in lifecycle true
9 verbose lifecycle spike_proto@0.0.0~start: PATH: /home/eric/.nvm/v5.4.1/lib/node_modules/npm/bin/node-gyp-bin:/home/eric/Code/spike_proto/node_modules/.bin:/home/eric/.nvm/v5.4.1/bin:/home/eric/.rvm/gems/ruby-1.9.3-p484@oroeco_dev/bin:/home/eric/.rvm/gems/ruby-1.9.3-p484@global/bin:/home/eric/.rvm/rubies/ruby-1.9.3-p484/bin:/home/eric/.rvm/bin:/home/eric/bin:/usr/local/heroku/bin:/home/eric/bin:/usr/local/sbin:/usr/local/bin:/usr/sbin:/usr/bin:/sbin:/bin:/usr/games:/usr/local/games:/opt/lampp/bin
10 verbose lifecycle spike_proto@0.0.0~start: CWD: /home/eric/Code/spike_proto
11 silly lifecycle spike_proto@0.0.0~start: Args: [ '-c', 'babel-node ./app.js' ]
12 silly lifecycle spike_proto@0.0.0~start: Returned: code: 1  signal: null
13 info lifecycle spike_proto@0.0.0~start: Failed to exec start script
14 verbose stack Error: spike_proto@0.0.0 start: `babel-node ./app.js`
14 verbose stack Exit status 1
14 verbose stack     at EventEmitter.<anonymous> (/home/eric/.nvm/v5.4.1/lib/node_modules/npm/lib/utils/lifecycle.js:232:16)
14 verbose stack     at emitTwo (events.js:87:13)
14 verbose stack     at EventEmitter.emit (events.js:172:7)
14 verbose stack     at ChildProcess.<anonymous> (/home/eric/.nvm/v5.4.1/lib/node_modules/npm/lib/utils/spawn.js:24:14)
14 verbose stack     at emitTwo (events.js:87:13)
14 verbose stack     at ChildProcess.emit (events.js:172:7)
14 verbose stack     at maybeClose (internal/child_process.js:821:16)
14 verbose stack     at Process.ChildProcess._handle.onexit (internal/child_process.js:211:5)
15 verbose pkgid spike_proto@0.0.0
16 verbose cwd /home/eric/Code/spike_proto
17 error Linux 3.19.0-43-generic
18 error argv "/home/eric/.nvm/v5.4.1/bin/node" "/home/eric/.nvm/v5.4.1/bin/npm" "start"
19 error node v5.4.1
20 error npm  v3.5.3
21 error code ELIFECYCLE
22 error spike_proto@0.0.0 start: `babel-node ./app.js`
22 error Exit status 1
23 error Failed at the spike_proto@0.0.0 start script 'babel-node ./app.js'.
23 error Make sure you have the latest version of node.js and npm installed.
23 error If you do, this is most likely a problem with the spike_proto package,
23 error not with npm itself.
23 error Tell the author that this fails on your system:
23 error     babel-node ./app.js
23 error You can get information on how to open an issue for this project with:
23 error     npm bugs spike_proto
23 error Or if that isn't available, you can get their info via:
23 error     npm owner ls spike_proto
23 error There is likely additional logging output above.
24 verbose exit [ 1, true ]
